<?xml version="1.0" encoding="UTF-8"?>
<!-- Generated by org.testng.reporters.JUnitReportReporter -->
<testsuite hostname="LAPTOP-O8I85KST" failures="0" tests="4" name="EMS.API_Testing.BDD_Style" time="5.656" errors="0" timestamp="2022-08-15T22:45:00 IST" skipped="3">
  <testcase classname="EMS.API_Testing.BDD_Style" name="delete_an_Employee" time="5.656"/>
  <system-out/>
  <testcase classname="EMS.API_Testing.BDD_Style" name="create_an_Employee">
    <skipped/>
  </testcase> <!-- create_an_Employee -->
  <system-out/>
  <testcase classname="EMS.API_Testing.BDD_Style" name="get_All_Employees">
    <skipped/>
  </testcase> <!-- get_All_Employees -->
  <system-out/>
  <testcase classname="EMS.API_Testing.BDD_Style" name="update_an_Employee">
    <skipped/>
  </testcase> <!-- update_an_Employee -->
  <system-out/>
</testsuite> <!-- EMS.API_Testing.BDD_Style -->
