<?xml version="1.0" encoding="UTF-8"?>
<!-- Generated by org.testng.reporters.JUnitReportReporter -->
<testsuite hostname="LAPTOP-O8I85KST" failures="0" tests="1" name="EMS.API_Testing.Serialization_Using_ObjectMapper" time="0.920" errors="0" timestamp="2022-08-18T13:10:34 IST" skipped="0">
  <testcase classname="EMS.API_Testing.Serialization_Using_ObjectMapper" name="converting_Ui_Data_Into_Json" time="0.920"/>
  <system-out/>
</testsuite> <!-- EMS.API_Testing.Serialization_Using_ObjectMapper -->
