<?xml version="1.0" encoding="UTF-8"?>
<!-- Generated by org.testng.reporters.JUnitReportReporter -->
<testsuite hostname="LAPTOP-O8I85KST" failures="0" tests="4" name="EMS.API_Testing.Employee_Management_System" time="8.949" errors="0" timestamp="2022-08-15T18:06:07 IST" skipped="3">
  <testcase classname="EMS.API_Testing.Employee_Management_System" name="delete_an_Emplyee" time="8.949"/>
  <system-out/>
  <testcase classname="EMS.API_Testing.Employee_Management_System" name="create_an_Employee">
    <skipped/>
  </testcase> <!-- create_an_Employee -->
  <system-out/>
  <testcase classname="EMS.API_Testing.Employee_Management_System" name="update_an_Employe">
    <skipped/>
  </testcase> <!-- update_an_Employe -->
  <system-out/>
  <testcase classname="EMS.API_Testing.Employee_Management_System" name="getallEmployees">
    <skipped/>
  </testcase> <!-- getallEmployees -->
  <system-out/>
</testsuite> <!-- EMS.API_Testing.Employee_Management_System -->
