<?xml version="1.0" encoding="UTF-8"?>
<!-- Generated by org.testng.reporters.JUnitReportReporter -->
<testsuite hostname="LAPTOP-O8I85KST" failures="0" tests="1" name="EMS.API_Testing.Get_All_Employees" time="6.257" errors="0" timestamp="2022-08-15T17:10:15 IST" skipped="0">
  <testcase classname="EMS.API_Testing.Get_All_Employees" name="getallEmployees" time="6.257"/>
  <system-out/>
</testsuite> <!-- EMS.API_Testing.Get_All_Employees -->
