<?xml version="1.0" encoding="UTF-8"?>
<!-- Generated by org.testng.reporters.JUnitReportReporter -->
<testsuite hostname="LAPTOP-O8I85KST" failures="1" tests="1" name="schema_validation.Validation_Using_HamcrestMatcher" time="1.849" errors="0" timestamp="2022-08-18T12:59:36 IST" skipped="0">
  <testcase classname="schema_validation.Validation_Using_HamcrestMatcher" name="validate" time="1.849">
    <failure message="
Expected: The content to match the given JSON schema.
error: object has missing required properties ([&quot;Emplpyee id &quot;])
    level: &quot;error&quot;
    schema: {&quot;loadingURI&quot;:&quot;#&quot;,&quot;pointer&quot;:&quot;/items/1&quot;}
    instance: {&quot;pointer&quot;:&quot;/1&quot;}
    domain: &quot;validation&quot;
    keyword: &quot;required&quot;
    required: [&quot;Employee Designation&quot;,&quot;Employee Name&quot;,&quot;Emplpyee id &quot;]
    missing: [&quot;Emplpyee id &quot;]

     but: was &quot;[\r\n{\r\n    \&quot;Managing Partner\&quot;:\&quot;Dhanalakshmi\&quot;,\r\n    \&quot;Plant Manager\&quot;:\&quot;Parthiban\&quot;,\r\n    \&quot;Operation Manager\&quot;:\&quot;Srinivasan\&quot;,\r\n    \&quot;Quality Manager\&quot;:\&quot;Sathiya\&quot;\r\n},\r\n{\r\n   \t\r\n    \&quot;Employee Name\&quot;:\&quot;Vijayalakshmi\&quot;,\r\n    \&quot;Employee Designation\&quot;:\&quot;Data Entry\&quot;\r\n}\r\n]&quot;" type="java.lang.AssertionError">
      <![CDATA[java.lang.AssertionError: 
Expected: The content to match the given JSON schema.
error: object has missing required properties (["Emplpyee id "])
    level: "error"
    schema: {"loadingURI":"#","pointer":"/items/1"}
    instance: {"pointer":"/1"}
    domain: "validation"
    keyword: "required"
    required: ["Employee Designation","Employee Name","Emplpyee id "]
    missing: ["Emplpyee id "]

     but: was "[\r\n{\r\n    \"Managing Partner\":\"Dhanalakshmi\",\r\n    \"Plant Manager\":\"Parthiban\",\r\n    \"Operation Manager\":\"Srinivasan\",\r\n    \"Quality Manager\":\"Sathiya\"\r\n},\r\n{\r\n   \t\r\n    \"Employee Name\":\"Vijayalakshmi\",\r\n    \"Employee Designation\":\"Data Entry\"\r\n}\r\n]"
at org.hamcrest.MatcherAssert.assertThat(MatcherAssert.java:20)
at org.hamcrest.MatcherAssert.assertThat(MatcherAssert.java:6)
at schema_validation.Validation_Using_HamcrestMatcher.validate(Validation_Using_HamcrestMatcher.java:44)
at java.base/jdk.internal.reflect.DirectMethodHandleAccessor.invoke(DirectMethodHandleAccessor.java:104)
at java.base/java.lang.reflect.Method.invoke(Method.java:577)
at org.testng.internal.MethodInvocationHelper.invokeMethod(MethodInvocationHelper.java:133)
at org.testng.internal.TestInvoker.invokeMethod(TestInvoker.java:598)
at org.testng.internal.TestInvoker.invokeTestMethod(TestInvoker.java:173)
at org.testng.internal.MethodRunner.runInSequence(MethodRunner.java:46)
at org.testng.internal.TestInvoker$MethodInvocationAgent.invoke(TestInvoker.java:824)
at org.testng.internal.TestInvoker.invokeTestMethods(TestInvoker.java:146)
at org.testng.internal.TestMethodWorker.invokeTestMethods(TestMethodWorker.java:146)
at org.testng.internal.TestMethodWorker.run(TestMethodWorker.java:128)
at java.base/java.util.ArrayList.forEach(ArrayList.java:1511)
at org.testng.TestRunner.privateRun(TestRunner.java:794)
at org.testng.TestRunner.run(TestRunner.java:596)
at org.testng.SuiteRunner.runTest(SuiteRunner.java:377)
at org.testng.SuiteRunner.runSequentially(SuiteRunner.java:371)
at org.testng.SuiteRunner.privateRun(SuiteRunner.java:332)
at org.testng.SuiteRunner.run(SuiteRunner.java:276)
at org.testng.SuiteRunnerWorker.runSuite(SuiteRunnerWorker.java:53)
at org.testng.SuiteRunnerWorker.run(SuiteRunnerWorker.java:96)
at org.testng.TestNG.runSuitesSequentially(TestNG.java:1212)
at org.testng.TestNG.runSuitesLocally(TestNG.java:1134)
at org.testng.TestNG.runSuites(TestNG.java:1063)
at org.testng.TestNG.run(TestNG.java:1031)
at org.testng.remote.AbstractRemoteTestNG.run(AbstractRemoteTestNG.java:115)
at org.testng.remote.RemoteTestNG.initAndRun(RemoteTestNG.java:251)
at org.testng.remote.RemoteTestNG.main(RemoteTestNG.java:77)
]]>
    </failure>
  </testcase> <!-- validate -->
  <system-out/>
</testsuite> <!-- schema_validation.Validation_Using_HamcrestMatcher -->
