<?xml version="1.0" encoding="UTF-8"?>
<!-- Generated by org.testng.reporters.JUnitReportReporter -->
<testsuite hostname="LAPTOP-O8I85KST" failures="0" tests="1" name="EMS.API_Testing.Serialization" time="7.012" errors="0" timestamp="2022-08-16T00:20:13 IST" skipped="0">
  <testcase classname="EMS.API_Testing.Serialization" name="create_a_Json_Body" time="7.012"/>
  <system-out/>
</testsuite> <!-- EMS.API_Testing.Serialization -->
