<?xml version="1.0" encoding="UTF-8"?>
<!-- Generated by org.testng.reporters.JUnitReportReporter -->
<testsuite hostname="LAPTOP-O8I85KST" failures="0" tests="1" name="EMS.API_Testing.Data_From_File" time="5.935" errors="0" timestamp="2022-08-15T23:02:35 IST" skipped="0">
  <testcase classname="EMS.API_Testing.Data_From_File" name="create_an_Employee_From_Data_File" time="5.935"/>
  <system-out/>
</testsuite> <!-- EMS.API_Testing.Data_From_File -->
